<?xml version="1.0" encoding="UTF-8"?>
<testng-results skipped="0" failed="0" ignored="0" total="1" passed="1">
  <reporter-output>
  </reporter-output>
  <suite name="Test Suite" duration-ms="22" started-at="2020-03-30T15:46:15Z" finished-at="2020-03-30T15:46:15Z">
    <groups>
    </groups>
    <test name="Test Cases" duration-ms="22" started-at="2020-03-30T15:46:15Z" finished-at="2020-03-30T15:46:15Z">
      <class name="testNG.SampleTestCase">
        <test-method status="PASS" signature="firstTestCase()[pri:0, instance:testNG.SampleTestCase@458ad742]" name="firstTestCase" duration-ms="7" started-at="2020-03-30T17:46:15Z" finished-at="2020-03-30T17:46:15Z">
          <reporter-output>
          </reporter-output>
        </test-method> <!-- firstTestCase -->
      </class> <!-- testNG.SampleTestCase -->
    </test> <!-- Test Cases -->
  </suite> <!-- Test Suite -->
</testng-results>
